2020-03-23 01:24:12.046  INFO 3836 --- [restartedMain] c.s.h.ServingWebContentApplication       : Starting ServingWebContentApplication on sve17 with PID 3836 (started by Artyom in F:\Diplom project\HotelManagementSystem)
2020-03-23 01:24:12.113  INFO 3836 --- [restartedMain] c.s.h.ServingWebContentApplication       : No active profile set, falling back to default profiles: default
2020-03-23 01:24:12.310  INFO 3836 --- [restartedMain] .e.DevToolsPropertyDefaultsPostProcessor : Devtools property defaults active! Set 'spring.devtools.add-properties' to 'false' to disable
2020-03-23 01:24:12.310  INFO 3836 --- [restartedMain] .e.DevToolsPropertyDefaultsPostProcessor : For additional web related logging consider setting the 'logging.level.web' property to 'DEBUG'
2020-03-23 01:24:14.713  INFO 3836 --- [restartedMain] o.s.b.w.embedded.tomcat.TomcatWebServer  : Tomcat initialized with port(s): 8184 (http)
2020-03-23 01:24:14.726  INFO 3836 --- [restartedMain] o.apache.catalina.core.StandardService   : Starting service [Tomcat]
2020-03-23 01:24:14.727  INFO 3836 --- [restartedMain] org.apache.catalina.core.StandardEngine  : Starting Servlet engine: [Apache Tomcat/9.0.29]
2020-03-23 01:24:15.083  INFO 3836 --- [restartedMain] org.apache.jasper.servlet.TldScanner     : At least one JAR was scanned for TLDs yet contained no TLDs. Enable debug logging for this logger for a complete list of JARs that were scanned but no TLDs were found in them. Skipping unneeded JARs during scanning can improve startup time and JSP compilation time.
2020-03-23 01:24:15.104  INFO 3836 --- [restartedMain] o.a.c.c.C.[Tomcat].[localhost].[/]       : Initializing Spring embedded WebApplicationContext
2020-03-23 01:24:15.104  INFO 3836 --- [restartedMain] o.s.web.context.ContextLoader            : Root WebApplicationContext: initialization completed in 2794 ms
2020-03-23 01:24:15.312  WARN 3836 --- [restartedMain] o.s.security.core.userdetails.User       : User.withDefaultPasswordEncoder() is considered unsafe for production and is only intended for sample applications.
2020-03-23 01:24:15.593  INFO 3836 --- [restartedMain] o.s.s.web.DefaultSecurityFilterChain     : Creating filter chain: any request, [org.springframework.security.web.context.request.async.WebAsyncManagerIntegrationFilter@444f6599, org.springframework.security.web.context.SecurityContextPersistenceFilter@6946a8a6, org.springframework.security.web.header.HeaderWriterFilter@684d0f28, org.springframework.security.web.csrf.CsrfFilter@7770eef2, org.springframework.security.web.authentication.logout.LogoutFilter@6a02870c, org.springframework.security.web.authentication.UsernamePasswordAuthenticationFilter@760b35d3, org.springframework.security.web.authentication.ui.DefaultLoginPageGeneratingFilter@41e1da5b, org.springframework.security.web.authentication.ui.DefaultLogoutPageGeneratingFilter@560659ed, org.springframework.security.web.savedrequest.RequestCacheAwareFilter@71f7ee4c, org.springframework.security.web.servletapi.SecurityContextHolderAwareRequestFilter@3789a7ae, org.springframework.security.web.authentication.AnonymousAuthenticationFilter@18a1343a, org.springframework.security.web.session.SessionManagementFilter@45b8cf16, org.springframework.security.web.access.ExceptionTranslationFilter@43d1dacc, org.springframework.security.web.access.intercept.FilterSecurityInterceptor@525aeadf]
2020-03-23 01:24:15.963  INFO 3836 --- [restartedMain] o.s.b.d.a.OptionalLiveReloadServer       : LiveReload server is running on port 35729
2020-03-23 01:24:16.079  INFO 3836 --- [restartedMain] o.s.b.w.embedded.tomcat.TomcatWebServer  : Tomcat started on port(s): 8184 (http) with context path ''
2020-03-23 01:24:16.085  INFO 3836 --- [restartedMain] c.s.h.ServingWebContentApplication       : Started ServingWebContentApplication in 4.893 seconds (JVM running for 6.676)
2020-03-23 01:24:16.088  INFO 3836 --- [restartedMain] c.s.h.controller.MainController          : http://localhost:8184/
2020-03-23 01:24:27.480  INFO 3836 --- [http-nio-8184-exec-1] o.a.c.c.C.[Tomcat].[localhost].[/]       : Initializing Spring DispatcherServlet 'dispatcherServlet'
2020-03-23 01:24:27.481  INFO 3836 --- [http-nio-8184-exec-1] o.s.web.servlet.DispatcherServlet        : Initializing Servlet 'dispatcherServlet'
2020-03-23 01:24:27.490  INFO 3836 --- [http-nio-8184-exec-1] o.s.web.servlet.DispatcherServlet        : Completed initialization in 8 ms
2020-03-23 01:24:32.042  INFO 3836 --- [http-nio-8184-exec-2] c.s.h.controller.MainController          : [0:0:0:0:0:0:0:1] requested index.jsp
2020-03-23 01:27:14.017  INFO 3836 --- [http-nio-8184-exec-1] c.s.h.controller.MainController          : [0:0:0:0:0:0:0:1] requested index.jsp
2020-03-23 01:28:25.179  INFO 3836 --- [http-nio-8184-exec-10] c.s.h.controller.MainController          : [0:0:0:0:0:0:0:1] requested index.jsp
2020-03-23 01:28:29.293  INFO 3836 --- [http-nio-8184-exec-7] c.s.h.controller.MainController          : [0:0:0:0:0:0:0:1] requested index.jsp
2020-03-23 01:34:07.980  INFO 1108 --- [restartedMain] c.s.h.ServingWebContentApplication       : Starting ServingWebContentApplication on sve17 with PID 1108 (started by Artyom in F:\Diplom project\HotelManagementSystem)
2020-03-23 01:34:08.003  INFO 1108 --- [restartedMain] c.s.h.ServingWebContentApplication       : No active profile set, falling back to default profiles: default
2020-03-23 01:34:08.103  INFO 1108 --- [restartedMain] .e.DevToolsPropertyDefaultsPostProcessor : Devtools property defaults active! Set 'spring.devtools.add-properties' to 'false' to disable
2020-03-23 01:34:08.103  INFO 1108 --- [restartedMain] .e.DevToolsPropertyDefaultsPostProcessor : For additional web related logging consider setting the 'logging.level.web' property to 'DEBUG'
2020-03-23 01:34:10.527  INFO 1108 --- [restartedMain] o.s.b.w.embedded.tomcat.TomcatWebServer  : Tomcat initialized with port(s): 8184 (http)
2020-03-23 01:34:10.543  INFO 1108 --- [restartedMain] o.apache.catalina.core.StandardService   : Starting service [Tomcat]
2020-03-23 01:34:10.543  INFO 1108 --- [restartedMain] org.apache.catalina.core.StandardEngine  : Starting Servlet engine: [Apache Tomcat/9.0.29]
2020-03-23 01:34:10.983  INFO 1108 --- [restartedMain] org.apache.jasper.servlet.TldScanner     : At least one JAR was scanned for TLDs yet contained no TLDs. Enable debug logging for this logger for a complete list of JARs that were scanned but no TLDs were found in them. Skipping unneeded JARs during scanning can improve startup time and JSP compilation time.
2020-03-23 01:34:10.998  INFO 1108 --- [restartedMain] o.a.c.c.C.[Tomcat].[localhost].[/]       : Initializing Spring embedded WebApplicationContext
2020-03-23 01:34:10.998  INFO 1108 --- [restartedMain] o.s.web.context.ContextLoader            : Root WebApplicationContext: initialization completed in 2895 ms
2020-03-23 01:34:11.198  WARN 1108 --- [restartedMain] o.s.security.core.userdetails.User       : User.withDefaultPasswordEncoder() is considered unsafe for production and is only intended for sample applications.
2020-03-23 01:34:11.491  INFO 1108 --- [restartedMain] o.s.s.web.DefaultSecurityFilterChain     : Creating filter chain: any request, [org.springframework.security.web.context.request.async.WebAsyncManagerIntegrationFilter@38db2ce0, org.springframework.security.web.context.SecurityContextPersistenceFilter@74260024, org.springframework.security.web.header.HeaderWriterFilter@4e942e29, org.springframework.security.web.csrf.CsrfFilter@4288cc2b, org.springframework.security.web.authentication.logout.LogoutFilter@69c9bf2a, org.springframework.security.web.authentication.UsernamePasswordAuthenticationFilter@213783d2, org.springframework.security.web.authentication.ui.DefaultLoginPageGeneratingFilter@3867fedb, org.springframework.security.web.authentication.ui.DefaultLogoutPageGeneratingFilter@23afa88d, org.springframework.security.web.savedrequest.RequestCacheAwareFilter@2bf24645, org.springframework.security.web.servletapi.SecurityContextHolderAwareRequestFilter@26297a21, org.springframework.security.web.authentication.AnonymousAuthenticationFilter@472c8c66, org.springframework.security.web.session.SessionManagementFilter@39916c5a, org.springframework.security.web.access.ExceptionTranslationFilter@32266d9d, org.springframework.security.web.access.intercept.FilterSecurityInterceptor@4d4a82e]
2020-03-23 01:34:11.846  INFO 1108 --- [restartedMain] o.s.b.d.a.OptionalLiveReloadServer       : LiveReload server is running on port 35729
2020-03-23 01:34:11.977  INFO 1108 --- [restartedMain] o.s.b.w.embedded.tomcat.TomcatWebServer  : Tomcat started on port(s): 8184 (http) with context path ''
2020-03-23 01:34:11.984  INFO 1108 --- [restartedMain] c.s.h.ServingWebContentApplication       : Started ServingWebContentApplication in 5.291 seconds (JVM running for 7.169)
2020-03-23 01:34:11.987  INFO 1108 --- [restartedMain] c.s.h.controller.MainController          : http://localhost:8184/
2020-03-23 01:34:22.621  INFO 1108 --- [http-nio-8184-exec-1] o.a.c.c.C.[Tomcat].[localhost].[/]       : Initializing Spring DispatcherServlet 'dispatcherServlet'
2020-03-23 01:34:22.623  INFO 1108 --- [http-nio-8184-exec-1] o.s.web.servlet.DispatcherServlet        : Initializing Servlet 'dispatcherServlet'
2020-03-23 01:34:22.638  INFO 1108 --- [http-nio-8184-exec-1] o.s.web.servlet.DispatcherServlet        : Completed initialization in 13 ms
2020-03-23 01:34:22.688  INFO 1108 --- [http-nio-8184-exec-1] c.s.h.controller.MainController          : [127.0.0.1] requested index.jsp
2020-03-23 01:34:29.387  INFO 1108 --- [http-nio-8184-exec-2] c.s.h.controller.MainController          : [127.0.0.1] requested index.jsp
2020-03-23 01:38:16.273  INFO 3520 --- [restartedMain] c.s.h.ServingWebContentApplication       : Starting ServingWebContentApplication on sve17 with PID 3520 (started by Artyom in F:\Diplom project\HotelManagementSystem)
2020-03-23 01:38:16.276  INFO 3520 --- [restartedMain] c.s.h.ServingWebContentApplication       : No active profile set, falling back to default profiles: default
2020-03-23 01:38:16.363  INFO 3520 --- [restartedMain] .e.DevToolsPropertyDefaultsPostProcessor : Devtools property defaults active! Set 'spring.devtools.add-properties' to 'false' to disable
2020-03-23 01:38:16.364  INFO 3520 --- [restartedMain] .e.DevToolsPropertyDefaultsPostProcessor : For additional web related logging consider setting the 'logging.level.web' property to 'DEBUG'
2020-03-23 01:38:18.627  INFO 3520 --- [restartedMain] o.s.b.w.embedded.tomcat.TomcatWebServer  : Tomcat initialized with port(s): 8184 (http)
2020-03-23 01:38:18.639  INFO 3520 --- [restartedMain] o.apache.catalina.core.StandardService   : Starting service [Tomcat]
2020-03-23 01:38:18.640  INFO 3520 --- [restartedMain] org.apache.catalina.core.StandardEngine  : Starting Servlet engine: [Apache Tomcat/9.0.29]
2020-03-23 01:38:19.024  INFO 3520 --- [restartedMain] org.apache.jasper.servlet.TldScanner     : At least one JAR was scanned for TLDs yet contained no TLDs. Enable debug logging for this logger for a complete list of JARs that were scanned but no TLDs were found in them. Skipping unneeded JARs during scanning can improve startup time and JSP compilation time.
2020-03-23 01:38:19.040  INFO 3520 --- [restartedMain] o.a.c.c.C.[Tomcat].[localhost].[/]       : Initializing Spring embedded WebApplicationContext
2020-03-23 01:38:19.041  INFO 3520 --- [restartedMain] o.s.web.context.ContextLoader            : Root WebApplicationContext: initialization completed in 2677 ms
2020-03-23 01:38:19.251  WARN 3520 --- [restartedMain] o.s.security.core.userdetails.User       : User.withDefaultPasswordEncoder() is considered unsafe for production and is only intended for sample applications.
2020-03-23 01:38:19.534  INFO 3520 --- [restartedMain] o.s.s.web.DefaultSecurityFilterChain     : Creating filter chain: any request, [org.springframework.security.web.context.request.async.WebAsyncManagerIntegrationFilter@107af2f1, org.springframework.security.web.context.SecurityContextPersistenceFilter@4250bd89, org.springframework.security.web.header.HeaderWriterFilter@bbca27e, org.springframework.security.web.csrf.CsrfFilter@7f146885, org.springframework.security.web.authentication.logout.LogoutFilter@62a2e8c1, org.springframework.security.web.authentication.UsernamePasswordAuthenticationFilter@50c43c27, org.springframework.security.web.authentication.ui.DefaultLoginPageGeneratingFilter@748eabb7, org.springframework.security.web.authentication.ui.DefaultLogoutPageGeneratingFilter@24eace09, org.springframework.security.web.savedrequest.RequestCacheAwareFilter@58d13dd, org.springframework.security.web.servletapi.SecurityContextHolderAwareRequestFilter@13a4e5c3, org.springframework.security.web.authentication.AnonymousAuthenticationFilter@375b827e, org.springframework.security.web.session.SessionManagementFilter@504035f1, org.springframework.security.web.access.ExceptionTranslationFilter@59dc89ca, org.springframework.security.web.access.intercept.FilterSecurityInterceptor@3d614d52]
2020-03-23 01:38:19.874  INFO 3520 --- [restartedMain] o.s.b.d.a.OptionalLiveReloadServer       : LiveReload server is running on port 35729
2020-03-23 01:38:19.980  INFO 3520 --- [restartedMain] o.s.b.w.embedded.tomcat.TomcatWebServer  : Tomcat started on port(s): 8184 (http) with context path ''
2020-03-23 01:38:19.993  INFO 3520 --- [restartedMain] c.s.h.ServingWebContentApplication       : Started ServingWebContentApplication in 4.559 seconds (JVM running for 6.007)
2020-03-23 01:38:19.999  INFO 3520 --- [restartedMain] c.s.h.controller.MainController          : http://localhost:8184/
2020-03-23 01:38:24.204  INFO 3520 --- [http-nio-8184-exec-1] o.a.c.c.C.[Tomcat].[localhost].[/]       : Initializing Spring DispatcherServlet 'dispatcherServlet'
2020-03-23 01:38:24.206  INFO 3520 --- [http-nio-8184-exec-1] o.s.web.servlet.DispatcherServlet        : Initializing Servlet 'dispatcherServlet'
2020-03-23 01:38:24.217  INFO 3520 --- [http-nio-8184-exec-1] o.s.web.servlet.DispatcherServlet        : Completed initialization in 11 ms
2020-03-23 01:38:24.283  INFO 3520 --- [http-nio-8184-exec-1] c.s.h.controller.MainController          : [127.0.0.1] requested index.jsp
2020-03-23 01:38:56.936  INFO 3520 --- [http-nio-8184-exec-2] c.s.h.controller.MainController          : [127.0.0.1] requested index.jsp
